#
# There is insufficient memory for the Java Runtime Environment to continue.
# Native memory allocation (malloc) failed to allocate 1048576 bytes for AllocateHeap
# Possible reasons:
#   The system is out of physical RAM or swap space
#   The process is running with CompressedOops enabled, and the Java Heap may be blocking the growth of the native heap
# Possible solutions:
#   Reduce memory load on the system
#   Increase physical memory or swap space
#   Check if swap backing store is full
#   Decrease Java heap size (-Xmx/-Xms)
#   Decrease number of Java threads
#   Decrease Java thread stack sizes (-Xss)
#   Set larger code cache with -XX:ReservedCodeCacheSize=
#   JVM is running with Zero Based Compressed Oops mode in which the Java heap is
#     placed in the first 32GB address space. The Java Heap base address is the
#     maximum limit for the native heap growth. Please use -XX:HeapBaseMinAddress
#     to set the Java Heap base and to place the Java Heap above 32GB virtual address.
# This output file may be truncated or incomplete.
#
#  Out of Memory Error (memory/allocation.inline.hpp:61), pid=1412, tid=0x00000000000048e0
#
# JRE version:  (8.0_282-b08) (build )
# Java VM: OpenJDK 64-Bit Server VM (25.282-b08 mixed mode windows-amd64 compressed oops)
# Failed to write core dump. Minidumps are not enabled by default on client versions of Windows
#

---------------  T H R E A D  ---------------

Current thread (0x00000174c72b8800):  JavaThread "Unknown thread" [_thread_in_vm, id=18656, stack(0x0000001182d00000,0x0000001182e00000)]

Stack: [0x0000001182d00000,0x0000001182e00000]
[error occurred during error reporting (printing stack bounds), id 0xc0000005]

Native frames: (J=compiled Java code, j=interpreted, Vv=VM code, C=native code)


---------------  P R O C E S S  ---------------

Java Threads: ( => current thread )

Other Threads:

=>0x00000174c72b8800 (exited) JavaThread "Unknown thread" [_thread_in_vm, id=18656, stack(0x0000001182d00000,0x0000001182e00000)]

VM state:not at safepoint (normal execution)

VM Mutex/Monitor currently owned by a thread: None

heap address: 0x00000006c0c00000, size: 4084 MB, Compressed Oops mode: Zero based, Oop shift amount: 3
Narrow klass base: 0x0000000000000000, Narrow klass shift: 3
Compressed class space size: 1073741824 Address: 0x00000007c0000000

Heap:
 PSYoungGen      total 76288K, used 1310K [0x000000076af00000, 0x0000000770400000, 0x00000007c0000000)
  eden space 65536K, 2% used [0x000000076af00000,0x000000076b047af0,0x000000076ef00000)
  from space 10752K, 0% used [0x000000076f980000,0x000000076f980000,0x0000000770400000)
  to   space 10752K, 0% used [0x000000076ef00000,0x000000076ef00000,0x000000076f980000)
 ParOldGen       total 175104K, used 0K [0x00000006c0c00000, 0x00000006cb700000, 0x000000076af00000)
  object space 175104K, 0% used [0x00000006c0c00000,0x00000006c0c00000,0x00000006cb700000)
 Metaspace       used 783K, capacity 4480K, committed 4480K, reserved 1056768K
  class space    used 76K, capacity 384K, committed 384K, reserved 1048576K

Card table byte_map: [0x00000174d7fb0000,0x00000174d87b0000] byte_map_base: 0x00000174d49aa000

Marking Bits: (ParMarkBitMap*) 0x00000000533b0890
 Begin Bits: [0x00000174d8d10000, 0x00000174dcce0000)
 End Bits:   [0x00000174dcce0000, 0x00000174e0cb0000)

Polling page: 0x00000174c7400000

CodeCache: size=245760Kb used=328Kb max_used=328Kb free=245431Kb
 bounds [0x00000174c8bf0000, 0x00000174c8e60000, 0x00000174d7bf0000]
 total_blobs=58 nmethods=0 adapters=40
 compilation: enabled

Compilation events (0 events):
No events

GC Heap History (0 events):
No events

Deoptimization events (0 events):
No events

Classes redefined (0 events):
No events

Internal exceptions (0 events):
No events

Events (10 events):
Event: 0.020 loading class java/lang/Short
Event: 0.020 loading class java/lang/Short done
Event: 0.020 loading class java/lang/Integer
Event: 0.020 loading class java/lang/Integer done
Event: 0.020 loading class java/lang/Long
Event: 0.020 loading class java/lang/Long done
Event: 0.020 loading class java/lang/NullPointerException
Event: 0.020 loading class java/lang/NullPointerException done
Event: 0.020 loading class java/lang/ArithmeticException
Event: 0.021 loading class java/lang/ArithmeticException done


Dynamic libraries:
0x00007ff620380000 - 0x00007ff6203ba000 	C:\Users\Виктория.DESKTOP-CU68ON8\.jdks\corretto-1.8.0_282\bin\java.exe
0x00007ffe604d0000 - 0x00007ffe606c5000 	C:\WINDOWS\SYSTEM32\ntdll.dll
0x00007ffe5fa00000 - 0x00007ffe5fabd000 	C:\WINDOWS\System32\KERNEL32.DLL
0x00007ffe5e1a0000 - 0x00007ffe5e469000 	C:\WINDOWS\System32\KERNELBASE.dll
0x00007ffe5ed60000 - 0x00007ffe5ee0c000 	C:\WINDOWS\System32\ADVAPI32.dll
0x00007ffe5ee70000 - 0x00007ffe5ef0e000 	C:\WINDOWS\System32\msvcrt.dll
0x00007ffe5f500000 - 0x00007ffe5f59c000 	C:\WINDOWS\System32\sechost.dll
0x00007ffe5fb70000 - 0x00007ffe5fc9b000 	C:\WINDOWS\System32\RPCRT4.dll
0x00007ffe5f800000 - 0x00007ffe5f9a0000 	C:\WINDOWS\System32\USER32.dll
0x00007ffe5e4d0000 - 0x00007ffe5e4f2000 	C:\WINDOWS\System32\win32u.dll
0x00007ffe5e780000 - 0x00007ffe5e7aa000 	C:\WINDOWS\System32\GDI32.dll
0x00007ffe5dff0000 - 0x00007ffe5e0fb000 	C:\WINDOWS\System32\gdi32full.dll
0x00007ffe5e100000 - 0x00007ffe5e19d000 	C:\WINDOWS\System32\msvcp_win.dll
0x00007ffe5dc60000 - 0x00007ffe5dd60000 	C:\WINDOWS\System32\ucrtbase.dll
0x00007ffe495a0000 - 0x00007ffe4983a000 	C:\WINDOWS\WinSxS\amd64_microsoft.windows.common-controls_6595b64144ccf1df_6.0.19041.844_none_ca00b6081b84eb1d\COMCTL32.dll
0x00007ffe5efc0000 - 0x00007ffe5eff0000 	C:\WINDOWS\System32\IMM32.DLL
0x00007ffe52580000 - 0x00007ffe5266f000 	C:\Users\Виктория.DESKTOP-CU68ON8\.jdks\corretto-1.8.0_282\jre\bin\msvcr120.dll
0x00007ffe4be70000 - 0x00007ffe4bf16000 	C:\Users\Виктория.DESKTOP-CU68ON8\.jdks\corretto-1.8.0_282\jre\bin\msvcp120.dll
0x0000000052bc0000 - 0x000000005342f000 	C:\Users\Виктория.DESKTOP-CU68ON8\.jdks\corretto-1.8.0_282\jre\bin\server\jvm.dll
0x00007ffe5ef10000 - 0x00007ffe5ef18000 	C:\WINDOWS\System32\PSAPI.DLL
0x00007ffe3b500000 - 0x00007ffe3b509000 	C:\WINDOWS\SYSTEM32\WSOCK32.dll
0x00007ffe54c00000 - 0x00007ffe54c0a000 	C:\WINDOWS\SYSTEM32\VERSION.dll
0x00007ffe54350000 - 0x00007ffe54377000 	C:\WINDOWS\SYSTEM32\WINMM.dll
0x00007ffe5f5a0000 - 0x00007ffe5f60b000 	C:\WINDOWS\System32\WS2_32.dll
0x00007ffe5b470000 - 0x00007ffe5b47f000 	C:\Users\Виктория.DESKTOP-CU68ON8\.jdks\corretto-1.8.0_282\jre\bin\verify.dll
0x00007ffe59920000 - 0x00007ffe59949000 	C:\Users\Виктория.DESKTOP-CU68ON8\.jdks\corretto-1.8.0_282\jre\bin\java.dll
0x00007ffe3e340000 - 0x00007ffe3e36a000 	C:\Users\Виктория.DESKTOP-CU68ON8\.jdks\corretto-1.8.0_282\jre\bin\instrument.dll
0x00007ffe55b30000 - 0x00007ffe55b46000 	C:\Users\Виктория.DESKTOP-CU68ON8\.jdks\corretto-1.8.0_282\jre\bin\zip.dll

VM Arguments:
jvm_args: -ea -Didea.test.cyclic.buffer.size=1048576 -javaagent:C:\Program Files\JetBrains\IntelliJ IDEA Community Edition 2020.3.3\lib\idea_rt.jar=50557:C:\Program Files\JetBrains\IntelliJ IDEA Community Edition 2020.3.3\bin -Dfile.encoding=UTF-8 
java_command: com.intellij.rt.junit.JUnitStarter -ideVersion5 -junit4 com.google.SimberSoftTest,thirdCase
java_class_path (initial): C:\Program Files\JetBrains\IntelliJ IDEA Community Edition 2020.3.3\lib\idea_rt.jar;C:\Program Files\JetBrains\IntelliJ IDEA Community Edition 2020.3.3\plugins\junit\lib\junit5-rt.jar;C:\Program Files\JetBrains\IntelliJ IDEA Community Edition 2020.3.3\plugins\junit\lib\junit-rt.jar;C:\Users\Виктория.DESKTOP-CU68ON8\.jdks\corretto-1.8.0_282\jre\lib\charsets.jar;C:\Users\Виктория.DESKTOP-CU68ON8\.jdks\corretto-1.8.0_282\jre\lib\ext\access-bridge-64.jar;C:\Users\Виктория.DESKTOP-CU68ON8\.jdks\corretto-1.8.0_282\jre\lib\ext\cldrdata.jar;C:\Users\Виктория.DESKTOP-CU68ON8\.jdks\corretto-1.8.0_282\jre\lib\ext\dnsns.jar;C:\Users\Виктория.DESKTOP-CU68ON8\.jdks\corretto-1.8.0_282\jre\lib\ext\jaccess.jar;C:\Users\Виктория.DESKTOP-CU68ON8\.jdks\corretto-1.8.0_282\jre\lib\ext\jfxrt.jar;C:\Users\Виктория.DESKTOP-CU68ON8\.jdks\corretto-1.8.0_282\jre\lib\ext\localedata.jar;C:\Users\Виктория.DESKTOP-CU68ON8\.jdks\corretto-1.8.0_282\jre\lib\ext\nashorn.jar;C:\Users\Виктория.DESKTOP-CU68ON8\.jdks\corretto-1.8.0_282\jre\lib\ext\sunec.jar;C:\Users\Виктория.DESKTOP-CU68ON8\.jdks\corretto-1.8.0_282\jre\lib\ext\sunjce_provider.jar;C:\Users\Виктория.DESKTOP-CU68ON8\.jdks\corretto-1.8.0_282\jre\lib\ext\sunmscapi.jar;C:\Users\Виктория.DESKTOP-CU68ON8\.jdks\corretto-1.8.0_282\jre\lib\ext\sunpkcs11.jar;C:\Users\Виктория.DESKTOP-CU68ON8\.jdks\corretto-1.8.0_282\jre\lib\ext\zipfs.jar;C:\Users\Виктория.DESKTOP-CU68ON8\.jdks\corretto-1.8.0_282\jre\lib\jce.jar;C:\Users\Виктория.DESKTOP-CU68ON8\.jdks\corretto-1.8.0_282\jre\lib\jfr.jar;C:\Users\Виктория.DESKTOP-CU68ON8\.jdks\corretto-1.8.0_282\jre\lib\jfxswt.jar;C:\Users\Виктория.DESKTOP-CU68ON8\.jdks\corretto-1.8.0_282\jre\lib\jsse.jar;C:\Users\Виктория.DESKTOP-CU68ON8\.jdks\corretto-1.8.0_282\jre\lib\management-agent.jar;C:\Users\Виктория.DESKTOP-CU68ON8\.jdks\corretto-1.8.0_282\jre\lib\resources.jar;C:\Users\Виктория.DESKTOP-CU68ON8\.jdks\corretto-1.8.0_282\jre\lib\rt.jar;C:\Users\Виктория.DESKTOP-CU68ON8\IdeaProjects\S
Launcher Type: SUN_STANDARD

Environment Variables:
PATH=C:\Windows\system32;C:\Windows;C:\Windows\System32\Wbem;C:\Windows\System32\WindowsPowerShell\v1.0\;C:\Windows\System32\OpenSSH\;C:\Program Files\nodejs\;C:\Program Files\Microsoft SQL Server\Client SDK\ODBC\110\Tools\Binn\;C:\Program Files (x86)\Microsoft SQL Server\120\Tools\Binn\;C:\Program Files\Microsoft SQL Server\120\Tools\Binn\;C:\Program Files\Microsoft SQL Server\120\DTS\Binn\;C:\Program Files (x86)\Windows Kits\8.1\Windows Performance Toolkit\;C:\Program Files\PuTTY\;C:\Program Files\Git\cmd;C:\Program Files\Common Files\Autodesk Shared\;C:\WINDOWS\system32;C:\WINDOWS;C:\WINDOWS\System32\Wbem;C:\WINDOWS\System32\WindowsPowerShell\v1.0\;C:\WINDOWS\System32\OpenSSH\;C:\Program Files\Docker\Docker\resources\bin;C:\ProgramData\DockerDesktop\version-bin;C:\Users\Виктория.DESKTOP-CU68ON8\AppData\Local\Microsoft\WindowsApps;;C:\Users\Виктория.DESKTOP-CU68ON8\AppData\Local\Programs\Microsoft VS Code\bin
USERNAME=Виктория
OS=Windows_NT
PROCESSOR_IDENTIFIER=AMD64 Family 23 Model 8 Stepping 2, AuthenticAMD



---------------  S Y S T E M  ---------------

OS: Windows 10.0 , 64 bit Build 19041 (10.0.19041.804)

CPU:total 12 (initial active 12) (12 cores per cpu, 1 threads per core) family 23 model 8 stepping 2, cmov, cx8, fxsr, mmx, sse, sse2, sse3, ssse3, sse4.1, sse4.2, popcnt, avx, avx2, aes, clmul, mmxext, 3dnowpref, lzcnt, sse4a, tsc, tscinvbit, tscinv, bmi1

Memory: 4k page, physical 16726972k(2127944k free), swap 26966972k(10092k free)

vm_info: OpenJDK 64-Bit Server VM (25.282-b08) for windows-amd64 JRE (1.8.0_282-b08), built on Jan 14 2021 22:12:08 by "Administrator" with MS VC++ 12.0 (VS2013)

time: Sat Apr 03 14:24:35 2021
timezone: RTZ 2 (ceia)
elapsed time: 0.028206 seconds (0d 0h 0m 0s)

